CRITICAL - 2023-03-22 00:44:59 --> Invalid file: "news/delete_successcd.php"
in SYSTEMPATH\Exceptions\FrameworkException.php on line 33.
 1 SYSTEMPATH\View\View.php(201): CodeIgniter\Exceptions\FrameworkException::forInvalidFile('news/delete_successcd.php')
 2 SYSTEMPATH\Common.php(1184): CodeIgniter\View\View->render('news/delete_successcd', [], true)
 3 APPPATH\Controllers\News.php(98): view('news/delete_successcd')
 4 SYSTEMPATH\CodeIgniter.php(934): App\Controllers\News->delete('3')
 5 SYSTEMPATH\CodeIgniter.php(499): CodeIgniter\CodeIgniter->runController(Object(App\Controllers\News))
 6 SYSTEMPATH\CodeIgniter.php(368): CodeIgniter\CodeIgniter->handleRequest(null, Object(Config\Cache), false)
 7 FCPATH\index.php(67): CodeIgniter\CodeIgniter->run()
 8 SYSTEMPATH\Commands\Server\rewrite.php(47): require_once('FCPATH\\index.php')
CRITICAL - 2023-03-22 00:46:04 --> Invalid file: "news/delete_successcd.php"
in SYSTEMPATH\Exceptions\FrameworkException.php on line 33.
 1 SYSTEMPATH\View\View.php(201): CodeIgniter\Exceptions\FrameworkException::forInvalidFile('news/delete_successcd.php')
 2 SYSTEMPATH\Common.php(1184): CodeIgniter\View\View->render('news/delete_successcd', [], true)
 3 APPPATH\Controllers\News.php(98): view('news/delete_successcd')
 4 SYSTEMPATH\CodeIgniter.php(934): App\Controllers\News->delete('4')
 5 SYSTEMPATH\CodeIgniter.php(499): CodeIgniter\CodeIgniter->runController(Object(App\Controllers\News))
 6 SYSTEMPATH\CodeIgniter.php(368): CodeIgniter\CodeIgniter->handleRequest(null, Object(Config\Cache), false)
 7 FCPATH\index.php(67): CodeIgniter\CodeIgniter->run()
 8 SYSTEMPATH\Commands\Server\rewrite.php(47): require_once('FCPATH\\index.php')
ERROR - 2023-03-22 01:34:44 --> Error connecting to the database: mysqli_sql_exception: Nenhuma conexão pôde ser feita porque a máquina de destino as recusou ativamente in C:\ci4\system\Database\MySQLi\Connection.php:173
Stack trace:
#0 C:\ci4\system\Database\MySQLi\Connection.php(173): mysqli->real_connect('localhost', 'root', Object(SensitiveParameterValue), 'ci4_tutorial', 3306, '', 0)
#1 C:\ci4\system\Database\BaseConnection.php(391): CodeIgniter\Database\MySQLi\Connection->connect(false)
#2 C:\ci4\system\Database\BaseConnection.php(573): CodeIgniter\Database\BaseConnection->initialize()
#3 C:\ci4\system\Database\BaseBuilder.php(1616): CodeIgniter\Database\BaseConnection->query('SELECT *\nFROM `...', Array, false)
#4 C:\ci4\system\Model.php(241): CodeIgniter\Database\BaseBuilder->get()
#5 C:\ci4\system\BaseModel.php(618): CodeIgniter\Model->doFindAll(0, 0)
#6 C:\ci4\app\Models\NewsModel.php(22): CodeIgniter\BaseModel->findAll()
#7 C:\ci4\app\Controllers\News.php(15): App\Models\NewsModel->getNews()
#8 C:\ci4\system\CodeIgniter.php(934): App\Controllers\News->index()
#9 C:\ci4\system\CodeIgniter.php(499): CodeIgniter\CodeIgniter->runController(Object(App\Controllers\News))
#10 C:\ci4\system\CodeIgniter.php(368): CodeIgniter\CodeIgniter->handleRequest(NULL, Object(Config\Cache), false)
#11 C:\ci4\public\index.php(67): CodeIgniter\CodeIgniter->run()
#12 C:\ci4\system\Commands\Server\rewrite.php(47): require_once('C:\\ci4\\public\\i...')
#13 {main}

Next CodeIgniter\Database\Exceptions\DatabaseException: Nenhuma conexão pôde ser feita porque a máquina de destino as recusou ativamente in C:\ci4\system\Database\MySQLi\Connection.php:218
Stack trace:
#0 C:\ci4\system\Database\BaseConnection.php(391): CodeIgniter\Database\MySQLi\Connection->connect(false)
#1 C:\ci4\system\Database\BaseConnection.php(573): CodeIgniter\Database\BaseConnection->initialize()
#2 C:\ci4\system\Database\BaseBuilder.php(1616): CodeIgniter\Database\BaseConnection->query('SELECT *\nFROM `...', Array, false)
#3 C:\ci4\system\Model.php(241): CodeIgniter\Database\BaseBuilder->get()
#4 C:\ci4\system\BaseModel.php(618): CodeIgniter\Model->doFindAll(0, 0)
#5 C:\ci4\app\Models\NewsModel.php(22): CodeIgniter\BaseModel->findAll()
#6 C:\ci4\app\Controllers\News.php(15): App\Models\NewsModel->getNews()
#7 C:\ci4\system\CodeIgniter.php(934): App\Controllers\News->index()
#8 C:\ci4\system\CodeIgniter.php(499): CodeIgniter\CodeIgniter->runController(Object(App\Controllers\News))
#9 C:\ci4\system\CodeIgniter.php(368): CodeIgniter\CodeIgniter->handleRequest(NULL, Object(Config\Cache), false)
#10 C:\ci4\public\index.php(67): CodeIgniter\CodeIgniter->run()
#11 C:\ci4\system\Commands\Server\rewrite.php(47): require_once('C:\\ci4\\public\\i...')
#12 {main}
CRITICAL - 2023-03-22 01:34:44 --> Unable to connect to the database.
Main connection [MySQLi]: Nenhuma conexão pôde ser feita porque a máquina de destino as recusou ativamente
in SYSTEMPATH\Database\BaseConnection.php on line 427.
 1 SYSTEMPATH\Database\BaseConnection.php(573): CodeIgniter\Database\BaseConnection->initialize()
 2 SYSTEMPATH\Database\BaseBuilder.php(1616): CodeIgniter\Database\BaseConnection->query('SELECT *
FROM `news`
WHERE `news`.`deleted_at` IS NULL', [], false)
 3 SYSTEMPATH\Model.php(241): CodeIgniter\Database\BaseBuilder->get()
 4 SYSTEMPATH\BaseModel.php(618): CodeIgniter\Model->doFindAll(0, 0)
 5 APPPATH\Models\NewsModel.php(22): CodeIgniter\BaseModel->findAll()
 6 APPPATH\Controllers\News.php(15): App\Models\NewsModel->getNews()
 7 SYSTEMPATH\CodeIgniter.php(934): App\Controllers\News->index()
 8 SYSTEMPATH\CodeIgniter.php(499): CodeIgniter\CodeIgniter->runController(Object(App\Controllers\News))
 9 SYSTEMPATH\CodeIgniter.php(368): CodeIgniter\CodeIgniter->handleRequest(null, Object(Config\Cache), false)
10 FCPATH\index.php(67): CodeIgniter\CodeIgniter->run()
11 SYSTEMPATH\Commands\Server\rewrite.php(47): require_once('FCPATH\\index.php')
