CRITICAL - 2023-03-19 20:27:20 --> The framework needs the following extension(s) installed and loaded: intl, mbstring.
in SYSTEMPATH\CodeIgniter.php on line 226.
 1 SYSTEMPATH\CodeIgniter.php(226): CodeIgniter\Exceptions\FrameworkException::forMissingExtension('intl, mbstring')
 2 SYSTEMPATH\CodeIgniter.php(190): CodeIgniter\CodeIgniter->resolvePlatformExtensions()
 3 ROOTPATH\spark(83): CodeIgniter\CodeIgniter->initialize()
CRITICAL - 2023-03-19 20:27:21 --> Uncaught Error: Call to undefined function CodeIgniter\CLI\mb_strpos() in C:\ci4\system\CLI\CLI.php:872
Stack trace:
#0 C:\ci4\system\CLI\CLI.php(161): CodeIgniter\CLI\CLI::parseCommandLine()
#1 C:\ci4\system\CLI\CLI.php(1115): CodeIgniter\CLI\CLI::init()
#2 C:\ci4\system\Autoloader\Autoloader.php(312): include_once('C:\\ci4\\system\\C...')
#3 C:\ci4\system\Autoloader\Autoloader.php(289): CodeIgniter\Autoloader\Autoloader->includeFile('C:\\ci4\\system\\C...')
#4 C:\ci4\system\Autoloader\Autoloader.php(267): CodeIgniter\Autoloader\Autoloader->loadInNamespace('CodeIgniter\\CLI...')
#5 C:\ci4\app\Views\errors\cli\error_exception.php(6): CodeIgniter\Autoloader\Autoloader->loadClass('CodeIgniter\\CLI...')
#6 C:\ci4\app\Views\errors\cli\production.php(5): include('C:\\ci4\\app\\View...')
#7 C:\ci4\system\Debug\Exceptions.php(277): include('C:\\ci4\\app\\View...')
#8 C:\ci4\system\Debug\Exceptions.php(280): CodeIgniter\Debug\Exceptions->CodeIgniter\Debug\{closure}()
#9 C:\ci4\system\Debug\Exceptions.php(151): CodeIgniter\Debug\Exceptions->render(Object(CodeIgniter\Exceptions\FrameworkException), 500)
#10 [internal function]: CodeIgniter\Debug\Exceptions->exceptionHandler(Object(CodeIgniter\Exceptions\FrameworkException))
#11 {main}
  thrown
【Previous Exception】
CodeIgniter\Exceptions\FrameworkException
The framework needs the following extension(s) installed and loaded: intl, mbstring.
#0 C:\ci4\system\CodeIgniter.php(226): CodeIgniter\Exceptions\FrameworkException::forMissingExtension('intl, mbstring')
#1 C:\ci4\system\CodeIgniter.php(190): CodeIgniter\CodeIgniter->resolvePlatformExtensions()
#2 C:\ci4\spark(83): CodeIgniter\CodeIgniter->initialize()
#3 {main}
in SYSTEMPATH\CLI\CLI.php on line 872.
 1 [internal function]: CodeIgniter\Debug\Exceptions->shutdownHandler()
CRITICAL - 2023-03-19 20:31:34 --> The framework needs the following extension(s) installed and loaded: intl, mbstring.
in SYSTEMPATH\CodeIgniter.php on line 226.
 1 SYSTEMPATH\CodeIgniter.php(226): CodeIgniter\Exceptions\FrameworkException::forMissingExtension('intl, mbstring')
 2 SYSTEMPATH\CodeIgniter.php(190): CodeIgniter\CodeIgniter->resolvePlatformExtensions()
 3 ROOTPATH\spark(83): CodeIgniter\CodeIgniter->initialize()
CRITICAL - 2023-03-19 20:31:34 --> Uncaught Error: Call to undefined function CodeIgniter\CLI\mb_strpos() in C:\ci4\system\CLI\CLI.php:872
Stack trace:
#0 C:\ci4\system\CLI\CLI.php(161): CodeIgniter\CLI\CLI::parseCommandLine()
#1 C:\ci4\system\CLI\CLI.php(1115): CodeIgniter\CLI\CLI::init()
#2 C:\ci4\system\Autoloader\Autoloader.php(312): include_once('C:\\ci4\\system\\C...')
#3 C:\ci4\system\Autoloader\Autoloader.php(289): CodeIgniter\Autoloader\Autoloader->includeFile('C:\\ci4\\system\\C...')
#4 C:\ci4\system\Autoloader\Autoloader.php(267): CodeIgniter\Autoloader\Autoloader->loadInNamespace('CodeIgniter\\CLI...')
#5 C:\ci4\app\Views\errors\cli\error_exception.php(6): CodeIgniter\Autoloader\Autoloader->loadClass('CodeIgniter\\CLI...')
#6 C:\ci4\app\Views\errors\cli\production.php(5): include('C:\\ci4\\app\\View...')
#7 C:\ci4\system\Debug\Exceptions.php(277): include('C:\\ci4\\app\\View...')
#8 C:\ci4\system\Debug\Exceptions.php(280): CodeIgniter\Debug\Exceptions->CodeIgniter\Debug\{closure}()
#9 C:\ci4\system\Debug\Exceptions.php(151): CodeIgniter\Debug\Exceptions->render(Object(CodeIgniter\Exceptions\FrameworkException), 500)
#10 [internal function]: CodeIgniter\Debug\Exceptions->exceptionHandler(Object(CodeIgniter\Exceptions\FrameworkException))
#11 {main}
  thrown
【Previous Exception】
CodeIgniter\Exceptions\FrameworkException
The framework needs the following extension(s) installed and loaded: intl, mbstring.
#0 C:\ci4\system\CodeIgniter.php(226): CodeIgniter\Exceptions\FrameworkException::forMissingExtension('intl, mbstring')
#1 C:\ci4\system\CodeIgniter.php(190): CodeIgniter\CodeIgniter->resolvePlatformExtensions()
#2 C:\ci4\spark(83): CodeIgniter\CodeIgniter->initialize()
#3 {main}
in SYSTEMPATH\CLI\CLI.php on line 872.
 1 [internal function]: CodeIgniter\Debug\Exceptions->shutdownHandler()
CRITICAL - 2023-03-19 20:32:40 --> The framework needs the following extension(s) installed and loaded: intl, mbstring.
in SYSTEMPATH\CodeIgniter.php on line 226.
 1 SYSTEMPATH\CodeIgniter.php(226): CodeIgniter\Exceptions\FrameworkException::forMissingExtension('intl, mbstring')
 2 SYSTEMPATH\CodeIgniter.php(190): CodeIgniter\CodeIgniter->resolvePlatformExtensions()
 3 ROOTPATH\spark(83): CodeIgniter\CodeIgniter->initialize()
CRITICAL - 2023-03-19 20:32:40 --> Uncaught Error: Call to undefined function CodeIgniter\CLI\mb_strpos() in C:\ci4\system\CLI\CLI.php:872
Stack trace:
#0 C:\ci4\system\CLI\CLI.php(161): CodeIgniter\CLI\CLI::parseCommandLine()
#1 C:\ci4\system\CLI\CLI.php(1115): CodeIgniter\CLI\CLI::init()
#2 C:\ci4\system\Autoloader\Autoloader.php(312): include_once('C:\\ci4\\system\\C...')
#3 C:\ci4\system\Autoloader\Autoloader.php(289): CodeIgniter\Autoloader\Autoloader->includeFile('C:\\ci4\\system\\C...')
#4 C:\ci4\system\Autoloader\Autoloader.php(267): CodeIgniter\Autoloader\Autoloader->loadInNamespace('CodeIgniter\\CLI...')
#5 C:\ci4\app\Views\errors\cli\error_exception.php(6): CodeIgniter\Autoloader\Autoloader->loadClass('CodeIgniter\\CLI...')
#6 C:\ci4\app\Views\errors\cli\production.php(5): include('C:\\ci4\\app\\View...')
#7 C:\ci4\system\Debug\Exceptions.php(277): include('C:\\ci4\\app\\View...')
#8 C:\ci4\system\Debug\Exceptions.php(280): CodeIgniter\Debug\Exceptions->CodeIgniter\Debug\{closure}()
#9 C:\ci4\system\Debug\Exceptions.php(151): CodeIgniter\Debug\Exceptions->render(Object(CodeIgniter\Exceptions\FrameworkException), 500)
#10 [internal function]: CodeIgniter\Debug\Exceptions->exceptionHandler(Object(CodeIgniter\Exceptions\FrameworkException))
#11 {main}
  thrown
【Previous Exception】
CodeIgniter\Exceptions\FrameworkException
The framework needs the following extension(s) installed and loaded: intl, mbstring.
#0 C:\ci4\system\CodeIgniter.php(226): CodeIgniter\Exceptions\FrameworkException::forMissingExtension('intl, mbstring')
#1 C:\ci4\system\CodeIgniter.php(190): CodeIgniter\CodeIgniter->resolvePlatformExtensions()
#2 C:\ci4\spark(83): CodeIgniter\CodeIgniter->initialize()
#3 {main}
in SYSTEMPATH\CLI\CLI.php on line 872.
 1 [internal function]: CodeIgniter\Debug\Exceptions->shutdownHandler()
CRITICAL - 2023-03-19 20:59:20 --> The framework needs the following extension(s) installed and loaded: intl, mbstring.
in SYSTEMPATH\CodeIgniter.php on line 226.
 1 SYSTEMPATH\CodeIgniter.php(226): CodeIgniter\Exceptions\FrameworkException::forMissingExtension('intl, mbstring')
 2 SYSTEMPATH\CodeIgniter.php(190): CodeIgniter\CodeIgniter->resolvePlatformExtensions()
 3 ROOTPATH\spark(83): CodeIgniter\CodeIgniter->initialize()
CRITICAL - 2023-03-19 20:59:20 --> Uncaught Error: Call to undefined function CodeIgniter\CLI\mb_strpos() in C:\ci4\system\CLI\CLI.php:872
Stack trace:
#0 C:\ci4\system\CLI\CLI.php(161): CodeIgniter\CLI\CLI::parseCommandLine()
#1 C:\ci4\system\CLI\CLI.php(1115): CodeIgniter\CLI\CLI::init()
#2 C:\ci4\system\Autoloader\Autoloader.php(312): include_once('C:\\ci4\\system\\C...')
#3 C:\ci4\system\Autoloader\Autoloader.php(289): CodeIgniter\Autoloader\Autoloader->includeFile('C:\\ci4\\system\\C...')
#4 C:\ci4\system\Autoloader\Autoloader.php(267): CodeIgniter\Autoloader\Autoloader->loadInNamespace('CodeIgniter\\CLI...')
#5 C:\ci4\app\Views\errors\cli\error_exception.php(6): CodeIgniter\Autoloader\Autoloader->loadClass('CodeIgniter\\CLI...')
#6 C:\ci4\app\Views\errors\cli\production.php(5): include('C:\\ci4\\app\\View...')
#7 C:\ci4\system\Debug\Exceptions.php(277): include('C:\\ci4\\app\\View...')
#8 C:\ci4\system\Debug\Exceptions.php(280): CodeIgniter\Debug\Exceptions->CodeIgniter\Debug\{closure}()
#9 C:\ci4\system\Debug\Exceptions.php(151): CodeIgniter\Debug\Exceptions->render(Object(CodeIgniter\Exceptions\FrameworkException), 500)
#10 [internal function]: CodeIgniter\Debug\Exceptions->exceptionHandler(Object(CodeIgniter\Exceptions\FrameworkException))
#11 {main}
  thrown
【Previous Exception】
CodeIgniter\Exceptions\FrameworkException
The framework needs the following extension(s) installed and loaded: intl, mbstring.
#0 C:\ci4\system\CodeIgniter.php(226): CodeIgniter\Exceptions\FrameworkException::forMissingExtension('intl, mbstring')
#1 C:\ci4\system\CodeIgniter.php(190): CodeIgniter\CodeIgniter->resolvePlatformExtensions()
#2 C:\ci4\spark(83): CodeIgniter\CodeIgniter->initialize()
#3 {main}
in SYSTEMPATH\CLI\CLI.php on line 872.
 1 [internal function]: CodeIgniter\Debug\Exceptions->shutdownHandler()
