CRITICAL - 2023-03-21 01:15:20 --> Undefined array key "tittle"
in APPPATH\Views\news\overview.php on line 12.
 1 APPPATH\Views\news\overview.php(12): CodeIgniter\Debug\Exceptions->errorHandler(2, 'Undefined array key "tittle"', 'APPPATH\\Views\\news\\overview.php', 12)
 2 SYSTEMPATH\View\View.php(213): include('APPPATH\\Views\\news\\overview.php')
 3 SYSTEMPATH\View\View.php(216): CodeIgniter\View\View->CodeIgniter\View\{closure}()
 4 SYSTEMPATH\Common.php(1184): CodeIgniter\View\View->render('news/overview', [], true)
 5 APPPATH\Controllers\News.php(19): view('news/overview', [...])
 6 SYSTEMPATH\CodeIgniter.php(934): App\Controllers\News->index()
 7 SYSTEMPATH\CodeIgniter.php(499): CodeIgniter\CodeIgniter->runController(Object(App\Controllers\News))
 8 SYSTEMPATH\CodeIgniter.php(368): CodeIgniter\CodeIgniter->handleRequest(null, Object(Config\Cache), false)
 9 FCPATH\index.php(67): CodeIgniter\CodeIgniter->run()
10 SYSTEMPATH\Commands\Server\rewrite.php(47): require_once('FCPATH\\index.php')
CRITICAL - 2023-03-21 03:08:46 --> syntax error, unexpected token ":", expecting "," or ";"
in APPPATH\Views\news\form.php on line 15.
 1 SYSTEMPATH\View\View.php(216): CodeIgniter\View\View->CodeIgniter\View\{closure}()
 2 SYSTEMPATH\Common.php(1184): CodeIgniter\View\View->render('news/form', [], true)
 3 APPPATH\Controllers\News.php(41): view('news/form')
 4 SYSTEMPATH\CodeIgniter.php(934): App\Controllers\News->create()
 5 SYSTEMPATH\CodeIgniter.php(499): CodeIgniter\CodeIgniter->runController(Object(App\Controllers\News))
 6 SYSTEMPATH\CodeIgniter.php(368): CodeIgniter\CodeIgniter->handleRequest(null, Object(Config\Cache), false)
 7 FCPATH\index.php(67): CodeIgniter\CodeIgniter->run()
 8 SYSTEMPATH\Commands\Server\rewrite.php(47): require_once('FCPATH\\index.php')
